[debug] [2018-07-17T13:47:34.738Z] ----------------------------------------------------------------------
[debug] [2018-07-17T13:47:34.742Z] Command:       C:\Program Files\nodejs\node.exe C:\Users\Kernel-2018\AppData\Roaming\npm\node_modules\firebase-tools\bin\firebase init
[debug] [2018-07-17T13:47:34.742Z] CLI Version:   3.19.3
[debug] [2018-07-17T13:47:34.742Z] Platform:      win32
[debug] [2018-07-17T13:47:34.742Z] Node Version:  v8.11.3
[debug] [2018-07-17T13:47:34.743Z] Time:          Tue Jul 17 2018 08:47:34 GMT-0500 (Hora est. Pacífico, Sudamérica)
[debug] [2018-07-17T13:47:34.743Z] ----------------------------------------------------------------------
[debug] 
[debug] [2018-07-17T13:47:34.761Z] > command requires scopes: ["email","openid","https://www.googleapis.com/auth/cloudplatformprojects.readonly","https://www.googleapis.com/auth/firebase"]
[debug] [2018-07-17T13:47:34.763Z] > authorizing via signed-in user
[info] 
     ######## #### ########  ######## ########     ###     ######  ########
     ##        ##  ##     ## ##       ##     ##  ##   ##  ##       ##
     ######    ##  ########  ######   ########  #########  ######  ######
     ##        ##  ##    ##  ##       ##     ## ##     ##       ## ##
     ##       #### ##     ## ######## ########  ##     ##  ######  ########

You're about to initialize a Firebase project in this directory:

  Y:\ANGULAR-CHAT-FIREBASE-SO\chatangular

Before we get started, keep in mind:

  * You are initializing in an existing Firebase project directory

[info] 
=== Project Setup
[info] 
[info] First, let's associate this project directory with a Firebase project.
[info] You can create multiple project aliases by running firebase use --add, 
[info] but for now we'll just set up a default project.
[info] 
[debug] [2018-07-17T13:48:03.774Z] > refreshing access token with scopes: ["email","https://www.googleapis.com/auth/cloudplatformprojects.readonly","https://www.googleapis.com/auth/firebase","openid"]
[debug] [2018-07-17T13:48:03.775Z] >>> HTTP REQUEST POST https://www.googleapis.com/oauth2/v3/token  
 { refresh_token: '1/LGh_vYCdtpoxXeLR3Ud_EzyXLCdOLSsk3koZ8dH_Hao',
  client_id: '563584335869-fgrhgmd47bqnekij5i8b5pr03ho849e6.apps.googleusercontent.com',
  client_secret: 'j9iVZfS8kkCEFUPaAeJV0sAi',
  grant_type: 'refresh_token',
  scope: 'email https://www.googleapis.com/auth/cloudplatformprojects.readonly https://www.googleapis.com/auth/firebase openid' } 
 Tue Jul 17 2018 08:48:03 GMT-0500 (Hora est. Pacífico, Sudamérica)
[debug] [2018-07-17T13:48:04.124Z] <<< HTTP RESPONSE 200
[debug] [2018-07-17T13:48:04.191Z] >>> HTTP REQUEST GET https://admin.firebase.com/v1/projects  
  
 Tue Jul 17 2018 08:48:04 GMT-0500 (Hora est. Pacífico, Sudamérica)
[debug] [2018-07-17T13:48:05.136Z] <<< HTTP RESPONSE 200
[info] i  .firebaserc already has a default project, skipping
[info] 
=== Firestore Setup
[info] 
[info] Firestore Security Rules allow you to define how and when to allow
[info] requests. You can keep these rules in your project directory
[info] and publish them with firebase deploy.
[info] 
[info] 
[info] Firestore indexes allow you to perform complex queries while
[info] maintaining performance that scales with the size of the result
[info] set. You can keep index definitions in your project directory
[info] and publish them with firebase deploy.
[info] 
[info] 
=== Hosting Setup
[info] 
[info] Your public directory is the folder (relative to your project directory) that
[info] will contain Hosting assets to be uploaded with firebase deploy. If you
[info] have a build process for your assets, use your build's output directory.
[info] 
[debug] [2018-07-17T13:48:37.917Z] >>> HTTP REQUEST GET https://www.gstatic.com/firebasejs/releases.json  
  
 Tue Jul 17 2018 08:48:37 GMT-0500 (Hora est. Pacífico, Sudamérica)
[debug] [2018-07-17T13:48:38.136Z] <<< HTTP RESPONSE 200
[debug] [2018-07-17T13:48:38.544Z] Error: ENOENT: no such file or directory, open 'Y:\ANGULAR-CHAT-FIREBASE-SO\chatangular\dist\index.html'
    at Object.fs.openSync (fs.js:646:18)
    at Object.fs.writeFileSync (fs.js:1299:33)
    at Object.createFileSync (C:\Users\Kernel-2018\AppData\Roaming\npm\node_modules\firebase-tools\node_modules\fs-extra\lib\ensure\file.js:34:6)
    at Config.writeProjectFile (C:\Users\Kernel-2018\AppData\Roaming\npm\node_modules\firebase-tools\lib\config.js:194:6)
    at C:\Users\Kernel-2018\AppData\Roaming\npm\node_modules\firebase-tools\lib\config.js:214:12
    at <anonymous>
    at process._tickDomainCallback (internal/process/next_tick.js:228:7)
[error] 
[error] Error: An unexpected error has occurred.
